# JRE version: OpenJDK Runtime Environment (7.0_79-b14) (build 1.7.0_79-b14)
# Java VM: OpenJDK 64-Bit Server VM (24.79-b02 mixed mode linux-amd64 compressed oops)
Heap
 PSYoungGen      total 63488K, used 32681K [0x00000000ebe00000, 0x00000000f0c00000, 0x0000000100000000)
  eden space 62464K, 50% used [0x00000000ebe00000,0x00000000edd1a598,0x00000000efb00000)
  from space 1024K, 81% used [0x00000000efc80000,0x00000000efd50000,0x00000000efd80000)
  to   space 8704K, 0% used [0x00000000f0380000,0x00000000f0380000,0x00000000f0c00000)
 ParOldGen       total 109568K, used 80697K [0x00000000c3a00000, 0x00000000ca500000, 0x00000000ebe00000)
  object space 109568K, 73% used [0x00000000c3a00000,0x00000000c88ce470,0x00000000ca500000)
 PSPermGen       total 110080K, used 90810K [0x00000000b9400000, 0x00000000bff80000, 0x00000000c3a00000)
  object space 110080K, 82% used [0x00000000b9400000,0x00000000becaeb78,0x00000000bff80000)
GC Heap History (10 events):
Event: 17356.636 GC heap before
{Heap before GC invocations=67 (full 2):
 PSYoungGen      total 80384K, used 73344K [0x00000000ebe00000, 0x00000000f1980000, 0x0000000100000000)
  eden space 72192K, 100% used [0x00000000ebe00000,0x00000000f0480000,0x00000000f0480000)
  from space 8192K, 14% used [0x00000000f1180000,0x00000000f12a0000,0x00000000f1980000)
  to   space 10752K, 0% used [0x00000000f0480000,0x00000000f0480000,0x00000000f0f00000)
 ParOldGen       total 109568K, used 80041K [0x00000000c3a00000, 0x00000000ca500000, 0x00000000ebe00000)
  object space 109568K, 73% used [0x00000000c3a00000,0x00000000c882a470,0x00000000ca500000)
 PSPermGen       total 110080K, used 89823K [0x00000000b9400000, 0x00000000bff80000, 0x00000000c3a00000)
  object space 110080K, 81% used [0x00000000b9400000,0x00000000bebb7c98,0x00000000bff80000)
Event: 17356.655 GC heap after
Heap after GC invocations=67 (full 2):
 PSYoungGen      total 71680K, used 1184K [0x00000000ebe00000, 0x00000000f1680000, 0x0000000100000000)
  eden space 70144K, 0% used [0x00000000ebe00000,0x00000000ebe00000,0x00000000f0280000)
  from space 1536K, 77% used [0x00000000f0480000,0x00000000f05a8000,0x00000000f0600000)
  to   space 10240K, 0% used [0x00000000f0c80000,0x00000000f0c80000,0x00000000f1680000)
 ParOldGen       total 109568K, used 80161K [0x00000000c3a00000, 0x00000000ca500000, 0x00000000ebe00000)
  object space 109568K, 73% used [0x00000000c3a00000,0x00000000c8848470,0x00000000ca500000)
 PSPermGen       total 110080K, used 89823K [0x00000000b9400000, 0x00000000bff80000, 0x00000000c3a00000)
  object space 110080K, 81% used [0x00000000b9400000,0x00000000bebb7c98,0x00000000bff80000)
}
Event: 17382.365 GC heap before
{Heap before GC invocations=68 (full 2):
 PSYoungGen      total 71680K, used 71328K [0x00000000ebe00000, 0x00000000f1680000, 0x0000000100000000)
  eden space 70144K, 100% used [0x00000000ebe00000,0x00000000f0280000,0x00000000f0280000)
  from space 1536K, 77% used [0x00000000f0480000,0x00000000f05a8000,0x00000000f0600000)
  to   space 10240K, 0% used [0x00000000f0c80000,0x00000000f0c80000,0x00000000f1680000)
 ParOldGen       total 109568K, used 80161K [0x00000000c3a00000, 0x00000000ca500000, 0x00000000ebe00000)
  object space 109568K, 73% used [0x00000000c3a00000,0x00000000c8848470,0x00000000ca500000)
 PSPermGen       total 110080K, used 89876K [0x00000000b9400000, 0x00000000bff80000, 0x00000000c3a00000)
  object space 110080K, 81% used [0x00000000b9400000,0x00000000bebc5170,0x00000000bff80000)
Event: 17382.378 GC heap after
Heap after GC invocations=68 (full 2):
 PSYoungGen      total 75264K, used 960K [0x00000000ebe00000, 0x00000000f1380000, 0x0000000100000000)
  eden space 68096K, 0% used [0x00000000ebe00000,0x00000000ebe00000,0x00000000f0080000)
  from space 7168K, 13% used [0x00000000f0c80000,0x00000000f0d70000,0x00000000f1380000)
  to   space 9728K, 0% used [0x00000000f0080000,0x00000000f0080000,0x00000000f0a00000)
 ParOldGen       total 109568K, used 80297K [0x00000000c3a00000, 0x00000000ca500000, 0x00000000ebe00000)
  object space 109568K, 73% used [0x00000000c3a00000,0x00000000c886a470,0x00000000ca500000)
 PSPermGen       total 110080K, used 89876K [0x00000000b9400000, 0x00000000bff80000, 0x00000000c3a00000)
  object space 110080K, 81% used [0x00000000b9400000,0x00000000bebc5170,0x00000000bff80000)
}
Event: 17417.625 GC heap before
{Heap before GC invocations=69 (full 2):
 PSYoungGen      total 75264K, used 69056K [0x00000000ebe00000, 0x00000000f1380000, 0x0000000100000000)
  eden space 68096K, 100% used [0x00000000ebe00000,0x00000000f0080000,0x00000000f0080000)
  from space 7168K, 13% used [0x00000000f0c80000,0x00000000f0d70000,0x00000000f1380000)
  to   space 9728K, 0% used [0x00000000f0080000,0x00000000f0080000,0x00000000f0a00000)
 ParOldGen       total 109568K, used 80297K [0x00000000c3a00000, 0x00000000ca500000, 0x00000000ebe00000)
  object space 109568K, 73% used [0x00000000c3a00000,0x00000000c886a470,0x00000000ca500000)
 PSPermGen       total 110080K, used 90052K [0x00000000b9400000, 0x00000000bff80000, 0x00000000c3a00000)
  object space 110080K, 81% used [0x00000000b9400000,0x00000000bebf13f0,0x00000000bff80000)
Event: 17417.637 GC heap after
Heap after GC invocations=69 (full 2):
 PSYoungGen      total 67072K, used 992K [0x00000000ebe00000, 0x00000000f1180000, 0x0000000100000000)
  eden space 66048K, 0% used [0x00000000ebe00000,0x00000000ebe00000,0x00000000efe80000)
  from space 1024K, 96% used [0x00000000f0080000,0x00000000f0178000,0x00000000f0180000)
  to   space 9728K, 0% used [0x00000000f0800000,0x00000000f0800000,0x00000000f1180000)
 ParOldGen       total 109568K, used 80465K [0x00000000c3a00000, 0x00000000ca500000, 0x00000000ebe00000)
  object space 109568K, 73% used [0x00000000c3a00000,0x00000000c8894470,0x00000000ca500000)
 PSPermGen       total 110080K, used 90052K [0x00000000b9400000, 0x00000000bff80000, 0x00000000c3a00000)
  object space 110080K, 81% used [0x00000000b9400000,0x00000000bebf13f0,0x00000000bff80000)
}
Event: 17554.347 GC heap before
{Heap before GC invocations=70 (full 2):
 PSYoungGen      total 67072K, used 67040K [0x00000000ebe00000, 0x00000000f1180000, 0x0000000100000000)
  eden space 66048K, 100% used [0x00000000ebe00000,0x00000000efe80000,0x00000000efe80000)
  from space 1024K, 96% used [0x00000000f0080000,0x00000000f0178000,0x00000000f0180000)
  to   space 9728K, 0% used [0x00000000f0800000,0x00000000f0800000,0x00000000f1180000)
 ParOldGen       total 109568K, used 80465K [0x00000000c3a00000, 0x00000000ca500000, 0x00000000ebe00000)
  object space 109568K, 73% used [0x00000000c3a00000,0x00000000c8894470,0x00000000ca500000)
 PSPermGen       total 110080K, used 90229K [0x00000000b9400000, 0x00000000bff80000, 0x00000000c3a00000)
  object space 110080K, 81% used [0x00000000b9400000,0x00000000bec1d658,0x00000000bff80000)
Event: 17554.356 GC heap after
Heap after GC invocations=70 (full 2):
 PSYoungGen      total 70656K, used 896K [0x00000000ebe00000, 0x00000000f0e80000, 0x0000000100000000)
  eden space 64000K, 0% used [0x00000000ebe00000,0x00000000ebe00000,0x00000000efc80000)
  from space 6656K, 13% used [0x00000000f0800000,0x00000000f08e0000,0x00000000f0e80000)
  to   space 9216K, 0% used [0x00000000efc80000,0x00000000efc80000,0x00000000f0580000)
 ParOldGen       total 109568K, used 80601K [0x00000000c3a00000, 0x00000000ca500000, 0x00000000ebe00000)
  object space 109568K, 73% used [0x00000000c3a00000,0x00000000c88b6470,0x00000000ca500000)
 PSPermGen       total 110080K, used 90229K [0x00000000b9400000, 0x00000000bff80000, 0x00000000c3a00000)
  object space 110080K, 81% used [0x00000000b9400000,0x00000000bec1d658,0x00000000bff80000)
}
Event: 17642.512 GC heap before
{Heap before GC invocations=71 (full 2):
 PSYoungGen      total 70656K, used 64896K [0x00000000ebe00000, 0x00000000f0e80000, 0x0000000100000000)
  eden space 64000K, 100% used [0x00000000ebe00000,0x00000000efc80000,0x00000000efc80000)
  from space 6656K, 13% used [0x00000000f0800000,0x00000000f08e0000,0x00000000f0e80000)
  to   space 9216K, 0% used [0x00000000efc80000,0x00000000efc80000,0x00000000f0580000)
 ParOldGen       total 109568K, used 80601K [0x00000000c3a00000, 0x00000000ca500000, 0x00000000ebe00000)
  object space 109568K, 73% used [0x00000000c3a00000,0x00000000c88b6470,0x00000000ca500000)
 PSPermGen       total 110080K, used 90335K [0x00000000b9400000, 0x00000000bff80000, 0x00000000c3a00000)
  object space 110080K, 82% used [0x00000000b9400000,0x00000000bec37e30,0x00000000bff80000)
Event: 17642.523 GC heap after
Heap after GC invocations=71 (full 2):
 PSYoungGen      total 63488K, used 832K [0x00000000ebe00000, 0x00000000f0c00000, 0x0000000100000000)
  eden space 62464K, 0% used [0x00000000ebe00000,0x00000000ebe00000,0x00000000efb00000)
  from space 1024K, 81% used [0x00000000efc80000,0x00000000efd50000,0x00000000efd80000)
  to   space 8704K, 0% used [0x00000000f0380000,0x00000000f0380000,0x00000000f0c00000)
 ParOldGen       total 109568K, used 80697K [0x00000000c3a00000, 0x00000000ca500000, 0x00000000ebe00000)
  object space 109568K, 73% used [0x00000000c3a00000,0x00000000c88ce470,0x00000000ca500000)
 PSPermGen       total 110080K, used 90335K [0x00000000b9400000, 0x00000000bff80000, 0x00000000c3a00000)
  object space 110080K, 82% used [0x00000000b9400000,0x00000000bec37e30,0x00000000bff80000)
}

